 Enter input filename (assumed to be in infiles dir)
 ../infiles/shms_20cmtarg_20deg_2gev_wc_mscat_cer.inp                            opened
      100000	Monte-Carlo trials
     -15.0	M.C. DP/P  down limit
      30.0	M.C. DP/P  up   limit
     -55.0	M.C. Theta ( dy/dz) down limit (mr)
      55.0	M.C. Theta down limit (mr)
     -50.0	M.C. Phi (dx/dz)  down limit (mr)
      50.0	M.C. Phi   down limit (mr)C
      0.0	Horiz beam spot size in cm (Full width of +/- 3 sigma)
      0.0	Vert  beam spot size in cm (Full width of +/- 3 sigma)
      20.  	Length of target (Full width, cm)
      0.0        Raster half-width x (cm)
      0.0        Raster half-width y (cm)
      100.0	DP/P  reconstruction cut (half width in % )
      100.0	Theta reconstruction cut (half width in mr)
      100.0	Phi   reconstruction cut (half width in mr)
      100.0	ZTGT  reconstruction cut (Half width in cm)
      866	one radiation length of target material (in cm)
      0.0        Beam x offset (cm)  +x = beam left
      0.0	Beam y offset (cm)  +y = up
      0.0        Target z offset (cm)+z = downstream
      0.0        Spectrometer y offset (cm)
      0.0        Spectrometer z offset (cm)
      0.0        Spectrometer xp offset (mr)
      0.0        Spectrometer yp offset (mr)
      0	particle identification :e=0, p=1, d=2, pi=3, ka=4
      1	flag for multiple scattering
      1	flag for wire chamber smearing
 event #:         5000        successes:         1644
 event #:        10000        successes:         3213
 event #:        15000        successes:         4856
 event #:        20000        successes:         6465
 event #:        25000        successes:         8108
 event #:        30000        successes:         9707
 event #:        35000        successes:        11328
 event #:        40000        successes:        12842
 event #:        45000        successes:        14430
 event #:        50000        successes:        16036
 event #:        55000        successes:        17663
 event #:        60000        successes:        19309
 event #:        65000        successes:        20900
 event #:        70000        successes:        22534
 event #:        75000        successes:        24204
 event #:        80000        successes:        25807
 event #:        85000        successes:        27384
 event #:        90000        successes:        28978
 event #:        95000        successes:        30614
 event #:       100000        successes:        32226
      100000  Trials       32227  Successes
DPP ave error, resolution =     0.15713966E-01    0.22926760     %
DTH ave error, resolution =     0.16595974E-01     2.5017062     mr
DPH ave error, resolution =     0.40176423E-01     1.9234360     mr
ZTG ave error, resolution =    -0.28953876         11.666513     cm
